2020-02-13 19:17:58.154  INFO 7208 --- [main] c.z.t.Test20200211ApplicationTests       : Starting Test20200211ApplicationTests on PC-20190504DMPE with PID 7208 (started by Administrator in D:\java\ideaProjects\test20200211)
2020-02-13 19:17:58.156  INFO 7208 --- [main] c.z.t.Test20200211ApplicationTests       : The following profiles are active: test
2020-02-13 19:18:01.194  INFO 7208 --- [main] o.s.s.concurrent.ThreadPoolTaskExecutor  : Initializing ExecutorService 'applicationTaskExecutor'
2020-02-13 19:18:01.696  WARN 7208 --- [main] ion$DefaultTemplateResolverConfiguration : Cannot find template location: classpath:/templates/ (please add some templates or check your Thymeleaf configuration)
2020-02-13 19:18:01.916  INFO 7208 --- [main] c.z.t.Test20200211ApplicationTests       : Started Test20200211ApplicationTests in 4.968 seconds (JVM running for 7.93)
2020-02-13 19:18:02.388  INFO 7208 --- [main] c.z.t.Test20200211ApplicationTests       : Hello world Thu Feb 13 19:18:02 CST 2020
2020-02-13 19:18:02.392  WARN 7208 --- [main] c.z.t.Test20200211ApplicationTests       : Hello world  Thu Feb 13 19:18:02 CST 2020
2020-02-13 19:18:02.393 ERROR 7208 --- [main] c.z.t.Test20200211ApplicationTests       : Hello world  Thu Feb 13 19:18:02 CST 2020
2020-02-13 19:18:02.459  INFO 7208 --- [SpringContextShutdownHook] o.s.s.concurrent.ThreadPoolTaskExecutor  : Shutting down ExecutorService 'applicationTaskExecutor'
2020-02-13 19:19:41.471  INFO 6496 --- [main] c.z.t.Test20200211ApplicationTests       : Starting Test20200211ApplicationTests on PC-20190504DMPE with PID 6496 (started by Administrator in D:\java\ideaProjects\test20200211)
2020-02-13 19:19:41.473  INFO 6496 --- [main] c.z.t.Test20200211ApplicationTests       : The following profiles are active: test
2020-02-13 19:19:44.810  INFO 6496 --- [main] o.s.s.concurrent.ThreadPoolTaskExecutor  : Initializing ExecutorService 'applicationTaskExecutor'
2020-02-13 19:19:45.312  WARN 6496 --- [main] ion$DefaultTemplateResolverConfiguration : Cannot find template location: classpath:/templates/ (please add some templates or check your Thymeleaf configuration)
2020-02-13 19:19:45.618  INFO 6496 --- [main] c.z.t.Test20200211ApplicationTests       : Started Test20200211ApplicationTests in 5.516 seconds (JVM running for 8.042)
2020-02-13 19:19:46.211  INFO 6496 --- [main] c.z.t.Test20200211ApplicationTests       : Hello world Thu Feb 13 19:19:46 CST 2020
2020-02-13 19:19:46.215  WARN 6496 --- [main] c.z.t.Test20200211ApplicationTests       : Hello world  Thu Feb 13 19:19:46 CST 2020
2020-02-13 19:19:46.215 ERROR 6496 --- [main] c.z.t.Test20200211ApplicationTests       : Hello world  Thu Feb 13 19:19:46 CST 2020
2020-02-13 19:19:46.242  INFO 6496 --- [SpringContextShutdownHook] o.s.s.concurrent.ThreadPoolTaskExecutor  : Shutting down ExecutorService 'applicationTaskExecutor'
2020-02-13 19:28:52.829  INFO 5080 --- [main] c.z.t.Test20200211ApplicationTests       : Starting Test20200211ApplicationTests on PC-20190504DMPE with PID 5080 (started by Administrator in D:\java\ideaProjects\test20200211)
2020-02-13 19:28:52.830  INFO 5080 --- [main] c.z.t.Test20200211ApplicationTests       : The following profiles are active: test
2020-02-13 19:28:55.570  INFO 5080 --- [main] o.s.s.concurrent.ThreadPoolTaskExecutor  : Initializing ExecutorService 'applicationTaskExecutor'
2020-02-13 19:28:55.926  WARN 5080 --- [main] ion$DefaultTemplateResolverConfiguration : Cannot find template location: classpath:/templates/ (please add some templates or check your Thymeleaf configuration)
2020-02-13 19:28:56.113  INFO 5080 --- [main] c.z.t.Test20200211ApplicationTests       : Started Test20200211ApplicationTests in 4.268 seconds (JVM running for 6.809)
2020-02-13 19:28:56.744  INFO 5080 --- [main] c.z.t.Test20200211ApplicationTests       : Hello world Thu Feb 13 19:28:56 CST 2020
2020-02-13 19:28:56.746  WARN 5080 --- [main] c.z.t.Test20200211ApplicationTests       : Hello world  Thu Feb 13 19:28:56 CST 2020
2020-02-13 19:28:56.747 ERROR 5080 --- [main] c.z.t.Test20200211ApplicationTests       : Hello world  Thu Feb 13 19:28:56 CST 2020
2020-02-13 19:28:56.782  INFO 5080 --- [SpringContextShutdownHook] o.s.s.concurrent.ThreadPoolTaskExecutor  : Shutting down ExecutorService 'applicationTaskExecutor'
2020-02-13 19:29:25.315  INFO 8436 --- [main] c.z.t.Test20200211ApplicationTests       : Starting Test20200211ApplicationTests on PC-20190504DMPE with PID 8436 (started by Administrator in D:\java\ideaProjects\test20200211)
2020-02-13 19:29:25.317  INFO 8436 --- [main] c.z.t.Test20200211ApplicationTests       : The following profiles are active: test
2020-02-13 19:29:28.015  INFO 8436 --- [main] o.s.s.concurrent.ThreadPoolTaskExecutor  : Initializing ExecutorService 'applicationTaskExecutor'
2020-02-13 19:29:28.390  WARN 8436 --- [main] ion$DefaultTemplateResolverConfiguration : Cannot find template location: classpath:/templates/ (please add some templates or check your Thymeleaf configuration)
2020-02-13 19:29:28.610  INFO 8436 --- [main] c.z.t.Test20200211ApplicationTests       : Started Test20200211ApplicationTests in 5.435 seconds (JVM running for 7.643)
2020-02-13 19:29:29.288  INFO 8436 --- [main] c.z.t.Test20200211ApplicationTests       : Hello world Thu Feb 13 19:29:29 CST 2020
2020-02-13 19:29:29.291  WARN 8436 --- [main] c.z.t.Test20200211ApplicationTests       : Hello world  Thu Feb 13 19:29:29 CST 2020
2020-02-13 19:29:29.292 ERROR 8436 --- [main] c.z.t.Test20200211ApplicationTests       : Hello world  Thu Feb 13 19:29:29 CST 2020
2020-02-13 19:29:29.324  INFO 8436 --- [SpringContextShutdownHook] o.s.s.concurrent.ThreadPoolTaskExecutor  : Shutting down ExecutorService 'applicationTaskExecutor'
2020-02-13 19:30:02.447  INFO 8596 --- [main] o.s.s.concurrent.ThreadPoolTaskExecutor  : Initializing ExecutorService 'applicationTaskExecutor'
2020-02-13 19:30:02.922  WARN 8596 --- [main] ion$DefaultTemplateResolverConfiguration : Cannot find template location: classpath:/templates/ (please add some templates or check your Thymeleaf configuration)
2020-02-13 19:30:03.837 ERROR 8596 --- [main] c.z.t.Test20200211ApplicationTests       : Hello world  Thu Feb 13 19:30:03 CST 2020
2020-02-13 19:30:03.875  INFO 8596 --- [SpringContextShutdownHook] o.s.s.concurrent.ThreadPoolTaskExecutor  : Shutting down ExecutorService 'applicationTaskExecutor'
2020-02-13 19:30:22.910  INFO 8844 --- [main] o.s.s.concurrent.ThreadPoolTaskExecutor  : Initializing ExecutorService 'applicationTaskExecutor'
2020-02-13 19:30:23.336  WARN 8844 --- [main] ion$DefaultTemplateResolverConfiguration : Cannot find template location: classpath:/templates/ (please add some templates or check your Thymeleaf configuration)
2020-02-13 19:30:24.251  INFO 8844 --- [SpringContextShutdownHook] o.s.s.concurrent.ThreadPoolTaskExecutor  : Shutting down ExecutorService 'applicationTaskExecutor'
19 INFO  o.s.s.c.ThreadPoolTaskExecutor [171] - Initializing ExecutorService 'applicationTaskExecutor'
19 WARN  o.s.b.a.t.ThymeleafAutoConfiguration$DefaultTemplateResolverConfiguration [106] - Cannot find template location: classpath:/templates/ (please add some templates or check your Thymeleaf configuration)
19 INFO  o.s.s.c.ThreadPoolTaskExecutor [208] - Shutting down ExecutorService 'applicationTaskExecutor'
19 INFO  c.z.t.Test20200211ApplicationTests [55] - Starting Test20200211ApplicationTests on PC-20190504DMPE with PID 8072 (started by Administrator in D:\java\ideaProjects\test20200211)
19 INFO  c.z.t.Test20200211ApplicationTests [655] - The following profiles are active: test
19 INFO  o.s.s.c.ThreadPoolTaskExecutor [171] - Initializing ExecutorService 'applicationTaskExecutor'
19 WARN  o.s.b.a.t.ThymeleafAutoConfiguration$DefaultTemplateResolverConfiguration [106] - Cannot find template location: classpath:/templates/ (please add some templates or check your Thymeleaf configuration)
19 INFO  c.z.t.Test20200211ApplicationTests [61] - Started Test20200211ApplicationTests in 5.896 seconds (JVM running for 8.971)
19 INFO  c.z.t.Test20200211ApplicationTests [30] - Hello world Thu Feb 13 19:42:44 CST 2020
19 WARN  c.z.t.Test20200211ApplicationTests [31] - Hello world  Thu Feb 13 19:42:44 CST 2020
19 ERROR c.z.t.Test20200211ApplicationTests [32] - Hello world  Thu Feb 13 19:42:44 CST 2020
19 INFO  o.s.s.c.ThreadPoolTaskExecutor [208] - Shutting down ExecutorService 'applicationTaskExecutor'
19 INFO  c.z.t.Test20200211ApplicationTests [55] - Starting Test20200211ApplicationTests on PC-20190504DMPE with PID 3676 (started by Administrator in D:\java\ideaProjects\test20200211)
19 INFO  c.z.t.Test20200211ApplicationTests [655] - The following profiles are active: test
19 INFO  o.s.s.c.ThreadPoolTaskExecutor [171] - Initializing ExecutorService 'applicationTaskExecutor'
19 WARN  o.s.b.a.t.ThymeleafAutoConfiguration$DefaultTemplateResolverConfiguration [106] - Cannot find template location: classpath:/templates/ (please add some templates or check your Thymeleaf configuration)
19 INFO  c.z.t.Test20200211ApplicationTests [61] - Started Test20200211ApplicationTests in 4.023 seconds (JVM running for 6.486)
19 INFO  c.z.t.Test20200211ApplicationTests [30] - Hello world Thu Feb 13 19:44:53 CST 2020
19 WARN  c.z.t.Test20200211ApplicationTests [31] - Hello world  Thu Feb 13 19:44:53 CST 2020
19 ERROR c.z.t.Test20200211ApplicationTests [32] - Hello world  Thu Feb 13 19:44:53 CST 2020
19 INFO  o.s.s.c.ThreadPoolTaskExecutor [208] - Shutting down ExecutorService 'applicationTaskExecutor'
20 INFO  c.z.t.Test20200211ApplicationTests [55] - Starting Test20200211ApplicationTests on PC-20190504DMPE with PID 5448 (started by Administrator in D:\java\ideaProjects\test20200211)
20 INFO  c.z.t.Test20200211ApplicationTests [655] - The following profiles are active: test
20 INFO  o.s.s.c.ThreadPoolTaskExecutor [171] - Initializing ExecutorService 'applicationTaskExecutor'
20 WARN  o.s.b.a.t.ThymeleafAutoConfiguration$DefaultTemplateResolverConfiguration [106] - Cannot find template location: classpath:/templates/ (please add some templates or check your Thymeleaf configuration)
20 INFO  c.z.t.Test20200211ApplicationTests [61] - Started Test20200211ApplicationTests in 4.201 seconds (JVM running for 6.62)
20 INFO  c.z.t.Test20200211ApplicationTests [30] - Hello world Thu Feb 13 20:18:15 CST 2020
20 WARN  c.z.t.Test20200211ApplicationTests [31] - Hello world  Thu Feb 13 20:18:15 CST 2020
20 ERROR c.z.t.Test20200211ApplicationTests [32] - Hello world  Thu Feb 13 20:18:15 CST 2020
20 INFO  o.s.s.c.ThreadPoolTaskExecutor [208] - Shutting down ExecutorService 'applicationTaskExecutor'
